Analysis & Synthesis report for trabalho
Sun Oct 08 12:23:55 2023
Quartus Prime Version 18.1.0 Build 625 09/12/2018 SJ Lite Edition


---------------------
; Table of Contents ;
---------------------
  1. Legal Notice
  2. Analysis & Synthesis Summary
  3. Analysis & Synthesis Settings
  4. Parallel Compilation
  5. Analysis & Synthesis Source Files Read
  6. Analysis & Synthesis Resource Usage Summary
  7. Analysis & Synthesis Resource Utilization by Entity
  8. State Machine - |trabalho|motor:motor|state
  9. Registers Removed During Synthesis
 10. General Register Statistics
 11. Inverted Register Statistics
 12. Multiplexer Restructuring Statistics (Restructuring Performed)
 13. Port Connectivity Checks: "debounce:debounce"
 14. Port Connectivity Checks: "timer:timer_bounce"
 15. Port Connectivity Checks: "timer:piscar"
 16. Port Connectivity Checks: "timer:timer"
 17. Port Connectivity Checks: "motor:motor|timer:timer"
 18. Port Connectivity Checks: "motor:motor"
 19. Post-Synthesis Netlist Statistics for Top Partition
 20. Elapsed Time Per Partition
 21. Analysis & Synthesis Messages



----------------
; Legal Notice ;
----------------
Copyright (C) 2018  Intel Corporation. All rights reserved.
Your use of Intel Corporation's design tools, logic functions 
and other software and tools, and its AMPP partner logic 
functions, and any output files from any of the foregoing 
(including device programming or simulation files), and any 
associated documentation or information are expressly subject 
to the terms and conditions of the Intel Program License 
Subscription Agreement, the Intel Quartus Prime License Agreement,
the Intel FPGA IP License Agreement, or other applicable license
agreement, including, without limitation, that your use is for
the sole purpose of programming logic devices manufactured by
Intel and sold by Intel or its authorized distributors.  Please
refer to the applicable agreement for further details.



+-------------------------------------------------------------------------------+
; Analysis & Synthesis Summary                                                  ;
+---------------------------------+---------------------------------------------+
; Analysis & Synthesis Status     ; Successful - Sun Oct 08 12:23:55 2023       ;
; Quartus Prime Version           ; 18.1.0 Build 625 09/12/2018 SJ Lite Edition ;
; Revision Name                   ; trabalho                                    ;
; Top-level Entity Name           ; trabalho                                    ;
; Family                          ; Cyclone V                                   ;
; Logic utilization (in ALMs)     ; N/A                                         ;
; Total registers                 ; 208                                         ;
; Total pins                      ; 10                                          ;
; Total virtual pins              ; 0                                           ;
; Total block memory bits         ; 0                                           ;
; Total DSP Blocks                ; 0                                           ;
; Total HSSI RX PCSs              ; 0                                           ;
; Total HSSI PMA RX Deserializers ; 0                                           ;
; Total HSSI TX PCSs              ; 0                                           ;
; Total HSSI PMA TX Serializers   ; 0                                           ;
; Total PLLs                      ; 0                                           ;
; Total DLLs                      ; 0                                           ;
+---------------------------------+---------------------------------------------+


+---------------------------------------------------------------------------------------------------------------------------+
; Analysis & Synthesis Settings                                                                                             ;
+---------------------------------------------------------------------------------+--------------------+--------------------+
; Option                                                                          ; Setting            ; Default Value      ;
+---------------------------------------------------------------------------------+--------------------+--------------------+
; Device                                                                          ; 5CGXFC5C6F27C7     ;                    ;
; Top-level entity name                                                           ; trabalho           ; trabalho           ;
; Family name                                                                     ; Cyclone V          ; Cyclone V          ;
; Use smart compilation                                                           ; Off                ; Off                ;
; Enable parallel Assembler and Timing Analyzer during compilation                ; On                 ; On                 ;
; Enable compact report table                                                     ; Off                ; Off                ;
; Restructure Multiplexers                                                        ; Auto               ; Auto               ;
; MLAB Add Timing Constraints For Mixed-Port Feed-Through Mode Setting Don't Care ; Off                ; Off                ;
; Create Debugging Nodes for IP Cores                                             ; Off                ; Off                ;
; Preserve fewer node names                                                       ; On                 ; On                 ;
; Intel FPGA IP Evaluation Mode                                                   ; Enable             ; Enable             ;
; Verilog Version                                                                 ; Verilog_2001       ; Verilog_2001       ;
; VHDL Version                                                                    ; VHDL_1993          ; VHDL_1993          ;
; State Machine Processing                                                        ; Auto               ; Auto               ;
; Safe State Machine                                                              ; Off                ; Off                ;
; Extract Verilog State Machines                                                  ; On                 ; On                 ;
; Extract VHDL State Machines                                                     ; On                 ; On                 ;
; Ignore Verilog initial constructs                                               ; Off                ; Off                ;
; Iteration limit for constant Verilog loops                                      ; 5000               ; 5000               ;
; Iteration limit for non-constant Verilog loops                                  ; 250                ; 250                ;
; Add Pass-Through Logic to Inferred RAMs                                         ; On                 ; On                 ;
; Infer RAMs from Raw Logic                                                       ; On                 ; On                 ;
; Parallel Synthesis                                                              ; On                 ; On                 ;
; DSP Block Balancing                                                             ; Auto               ; Auto               ;
; NOT Gate Push-Back                                                              ; On                 ; On                 ;
; Power-Up Don't Care                                                             ; On                 ; On                 ;
; Remove Redundant Logic Cells                                                    ; Off                ; Off                ;
; Remove Duplicate Registers                                                      ; On                 ; On                 ;
; Ignore CARRY Buffers                                                            ; Off                ; Off                ;
; Ignore CASCADE Buffers                                                          ; Off                ; Off                ;
; Ignore GLOBAL Buffers                                                           ; Off                ; Off                ;
; Ignore ROW GLOBAL Buffers                                                       ; Off                ; Off                ;
; Ignore LCELL Buffers                                                            ; Off                ; Off                ;
; Ignore SOFT Buffers                                                             ; On                 ; On                 ;
; Limit AHDL Integers to 32 Bits                                                  ; Off                ; Off                ;
; Optimization Technique                                                          ; Balanced           ; Balanced           ;
; Carry Chain Length                                                              ; 70                 ; 70                 ;
; Auto Carry Chains                                                               ; On                 ; On                 ;
; Auto Open-Drain Pins                                                            ; On                 ; On                 ;
; Perform WYSIWYG Primitive Resynthesis                                           ; Off                ; Off                ;
; Auto ROM Replacement                                                            ; On                 ; On                 ;
; Auto RAM Replacement                                                            ; On                 ; On                 ;
; Auto DSP Block Replacement                                                      ; On                 ; On                 ;
; Auto Shift Register Replacement                                                 ; Auto               ; Auto               ;
; Allow Shift Register Merging across Hierarchies                                 ; Auto               ; Auto               ;
; Auto Clock Enable Replacement                                                   ; On                 ; On                 ;
; Strict RAM Replacement                                                          ; Off                ; Off                ;
; Allow Synchronous Control Signals                                               ; On                 ; On                 ;
; Force Use of Synchronous Clear Signals                                          ; Off                ; Off                ;
; Auto Resource Sharing                                                           ; Off                ; Off                ;
; Allow Any RAM Size For Recognition                                              ; Off                ; Off                ;
; Allow Any ROM Size For Recognition                                              ; Off                ; Off                ;
; Allow Any Shift Register Size For Recognition                                   ; Off                ; Off                ;
; Use LogicLock Constraints during Resource Balancing                             ; On                 ; On                 ;
; Ignore translate_off and synthesis_off directives                               ; Off                ; Off                ;
; Timing-Driven Synthesis                                                         ; On                 ; On                 ;
; Report Parameter Settings                                                       ; On                 ; On                 ;
; Report Source Assignments                                                       ; On                 ; On                 ;
; Report Connectivity Checks                                                      ; On                 ; On                 ;
; Ignore Maximum Fan-Out Assignments                                              ; Off                ; Off                ;
; Synchronization Register Chain Length                                           ; 3                  ; 3                  ;
; Power Optimization During Synthesis                                             ; Normal compilation ; Normal compilation ;
; HDL message level                                                               ; Level2             ; Level2             ;
; Suppress Register Optimization Related Messages                                 ; Off                ; Off                ;
; Number of Removed Registers Reported in Synthesis Report                        ; 5000               ; 5000               ;
; Number of Swept Nodes Reported in Synthesis Report                              ; 5000               ; 5000               ;
; Number of Inverted Registers Reported in Synthesis Report                       ; 100                ; 100                ;
; Clock MUX Protection                                                            ; On                 ; On                 ;
; Auto Gated Clock Conversion                                                     ; Off                ; Off                ;
; Block Design Naming                                                             ; Auto               ; Auto               ;
; SDC constraint protection                                                       ; Off                ; Off                ;
; Synthesis Effort                                                                ; Auto               ; Auto               ;
; Shift Register Replacement - Allow Asynchronous Clear Signal                    ; On                 ; On                 ;
; Pre-Mapping Resynthesis Optimization                                            ; Off                ; Off                ;
; Analysis & Synthesis Message Level                                              ; Medium             ; Medium             ;
; Disable Register Merging Across Hierarchies                                     ; Auto               ; Auto               ;
; Resource Aware Inference For Block RAM                                          ; On                 ; On                 ;
; Automatic Parallel Synthesis                                                    ; On                 ; On                 ;
; Partial Reconfiguration Bitstream ID                                            ; Off                ; Off                ;
+---------------------------------------------------------------------------------+--------------------+--------------------+


+------------------------------------------+
; Parallel Compilation                     ;
+----------------------------+-------------+
; Processors                 ; Number      ;
+----------------------------+-------------+
; Number detected on machine ; 4           ;
; Maximum allowed            ; 4           ;
;                            ;             ;
; Average used               ; 1.00        ;
; Maximum used               ; 4           ;
;                            ;             ;
; Usage by Processor         ; % Time Used ;
;     Processor 1            ; 100.0%      ;
;     Processors 2-4         ;   0.0%      ;
+----------------------------+-------------+


+-------------------------------------------------------------------------------------------------------------------------------------+
; Analysis & Synthesis Source Files Read                                                                                              ;
+----------------------------------+-----------------+-----------------+----------------------------------------------------+---------+
; File Name with User-Entered Path ; Used in Netlist ; File Type       ; File Name with Absolute Path                       ; Library ;
+----------------------------------+-----------------+-----------------+----------------------------------------------------+---------+
; trabalho.vhd                     ; yes             ; User VHDL File  ; C:/Users/AUTOMA플O/Downloads/trabalho/trabalho.vhd ;         ;
; timer.vhd                        ; yes             ; User VHDL File  ; C:/Users/AUTOMA플O/Downloads/trabalho/timer.vhd    ;         ;
; motor.vhd                        ; yes             ; User VHDL File  ; C:/Users/AUTOMA플O/Downloads/trabalho/motor.vhd    ;         ;
; debounce.vhd                     ; yes             ; User VHDL File  ; C:/Users/AUTOMA플O/Downloads/trabalho/debounce.vhd ;         ;
+----------------------------------+-----------------+-----------------+----------------------------------------------------+---------+


+-----------------------------------------------------------+
; Analysis & Synthesis Resource Usage Summary               ;
+---------------------------------------------+-------------+
; Resource                                    ; Usage       ;
+---------------------------------------------+-------------+
; Estimate of Logic utilization (ALMs needed) ; 142         ;
;                                             ;             ;
; Combinational ALUT usage for logic          ; 240         ;
;     -- 7 input functions                    ; 2           ;
;     -- 6 input functions                    ; 38          ;
;     -- 5 input functions                    ; 35          ;
;     -- 4 input functions                    ; 3           ;
;     -- <=3 input functions                  ; 162         ;
;                                             ;             ;
; Dedicated logic registers                   ; 208         ;
;                                             ;             ;
; I/O pins                                    ; 10          ;
;                                             ;             ;
; Total DSP Blocks                            ; 0           ;
;                                             ;             ;
; Maximum fan-out node                        ; clock~input ;
; Maximum fan-out                             ; 208         ;
; Total fan-out                               ; 1595        ;
; Average fan-out                             ; 3.41        ;
+---------------------------------------------+-------------+


+------------------------------------------------------------------------------------------------------------------------------------------------------------------------------------------------------+
; Analysis & Synthesis Resource Utilization by Entity                                                                                                                                                  ;
+----------------------------+---------------------+---------------------------+-------------------+------------+------+--------------+-----------------------------------+-------------+--------------+
; Compilation Hierarchy Node ; Combinational ALUTs ; Dedicated Logic Registers ; Block Memory Bits ; DSP Blocks ; Pins ; Virtual Pins ; Full Hierarchy Name               ; Entity Name ; Library Name ;
+----------------------------+---------------------+---------------------------+-------------------+------------+------+--------------+-----------------------------------+-------------+--------------+
; |trabalho                  ; 240 (18)            ; 208 (5)                   ; 0                 ; 0          ; 10   ; 0            ; |trabalho                         ; trabalho    ; work         ;
;    |debounce:debounce|     ; 2 (2)               ; 3 (3)                     ; 0                 ; 0          ; 0    ; 0            ; |trabalho|debounce:debounce       ; debounce    ; work         ;
;    |motor:motor|           ; 102 (63)            ; 104 (72)                  ; 0                 ; 0          ; 0    ; 0            ; |trabalho|motor:motor             ; motor       ; work         ;
;       |timer:timer|        ; 39 (39)             ; 32 (32)                   ; 0                 ; 0          ; 0    ; 0            ; |trabalho|motor:motor|timer:timer ; timer       ; work         ;
;    |timer:piscar|          ; 39 (39)             ; 32 (32)                   ; 0                 ; 0          ; 0    ; 0            ; |trabalho|timer:piscar            ; timer       ; work         ;
;    |timer:timer_bounce|    ; 40 (40)             ; 32 (32)                   ; 0                 ; 0          ; 0    ; 0            ; |trabalho|timer:timer_bounce      ; timer       ; work         ;
;    |timer:timer|           ; 39 (39)             ; 32 (32)                   ; 0                 ; 0          ; 0    ; 0            ; |trabalho|timer:timer             ; timer       ; work         ;
+----------------------------+---------------------+---------------------------+-------------------+------------+------+--------------+-----------------------------------+-------------+--------------+
Note: For table entries with two numbers listed, the numbers in parentheses indicate the number of resources of the given type used by the specific entity alone. The numbers listed outside of parentheses indicate the total resources of the given type used by the specific entity and all of its sub-entities in the hierarchy.


Encoding Type:  One-Hot
+--------------------------------------------------------------------------------------------------------------------------------------------------------+
; State Machine - |trabalho|motor:motor|state                                                                                                            ;
+--------------------+------------------+--------------+--------------------+--------------+------------------+------------+----------------+------------+
; Name               ; state.OrangeBlue ; state.Orange ; state.YellowOrange ; state.Yellow ; state.PinkYellow ; state.Pink ; state.BluePink ; state.Blue ;
+--------------------+------------------+--------------+--------------------+--------------+------------------+------------+----------------+------------+
; state.Blue         ; 0                ; 0            ; 0                  ; 0            ; 0                ; 0          ; 0              ; 0          ;
; state.BluePink     ; 0                ; 0            ; 0                  ; 0            ; 0                ; 0          ; 1              ; 1          ;
; state.Pink         ; 0                ; 0            ; 0                  ; 0            ; 0                ; 1          ; 0              ; 1          ;
; state.PinkYellow   ; 0                ; 0            ; 0                  ; 0            ; 1                ; 0          ; 0              ; 1          ;
; state.Yellow       ; 0                ; 0            ; 0                  ; 1            ; 0                ; 0          ; 0              ; 1          ;
; state.YellowOrange ; 0                ; 0            ; 1                  ; 0            ; 0                ; 0          ; 0              ; 1          ;
; state.Orange       ; 0                ; 1            ; 0                  ; 0            ; 0                ; 0          ; 0              ; 1          ;
; state.OrangeBlue   ; 1                ; 0            ; 0                  ; 0            ; 0                ; 0          ; 0              ; 1          ;
+--------------------+------------------+--------------+--------------------+--------------+------------------+------------+----------------+------------+


+---------------------------------------------------------------------------------+
; Registers Removed During Synthesis                                              ;
+----------------------------------------+----------------------------------------+
; Register name                          ; Reason for Removal                     ;
+----------------------------------------+----------------------------------------+
; state[2..31]                           ; Stuck at GND due to stuck port data_in ;
; Total Number of Removed Registers = 30 ;                                        ;
+----------------------------------------+----------------------------------------+


+------------------------------------------------------+
; General Register Statistics                          ;
+----------------------------------------------+-------+
; Statistic                                    ; Value ;
+----------------------------------------------+-------+
; Total registers                              ; 208   ;
; Number of registers using Synchronous Clear  ; 120   ;
; Number of registers using Synchronous Load   ; 0     ;
; Number of registers using Asynchronous Clear ; 173   ;
; Number of registers using Asynchronous Load  ; 0     ;
; Number of registers using Clock Enable       ; 76    ;
; Number of registers using Preset             ; 0     ;
+----------------------------------------------+-------+


+--------------------------------------------------+
; Inverted Register Statistics                     ;
+----------------------------------------+---------+
; Inverted Register                      ; Fan out ;
+----------------------------------------+---------+
; motor:motor|step[31]                   ; 37      ;
; motor:motor|step[0]                    ; 1       ;
; Total number of inverted registers = 2 ;         ;
+----------------------------------------+---------+


+-----------------------------------------------------------------------------------------------------------------------------------------------+
; Multiplexer Restructuring Statistics (Restructuring Performed)                                                                                ;
+--------------------+-----------+---------------+----------------------+------------------------+------------+---------------------------------+
; Multiplexer Inputs ; Bus Width ; Baseline Area ; Area if Restructured ; Saving if Restructured ; Registered ; Example Multiplexer Output      ;
+--------------------+-----------+---------------+----------------------+------------------------+------------+---------------------------------+
; 3:1                ; 30 bits   ; 60 LEs        ; 30 LEs               ; 30 LEs                 ; Yes        ; |trabalho|motor:motor|steps[22] ;
; 3:1                ; 2 bits    ; 4 LEs         ; 2 LEs                ; 2 LEs                  ; Yes        ; |trabalho|LedG                  ;
; 3:1                ; 2 bits    ; 4 LEs         ; 2 LEs                ; 2 LEs                  ; Yes        ; |trabalho|motor:motor|steps[0]  ;
; 3:1                ; 8 bits    ; 16 LEs        ; 16 LEs               ; 0 LEs                  ; No         ; |trabalho|motor:motor|state     ;
+--------------------+-----------+---------------+----------------------+------------------------+------------+---------------------------------+


+-----------------------------------------------------------------------------------------------------------------+
; Port Connectivity Checks: "debounce:debounce"                                                                   ;
+-------+--------+----------+-------------------------------------------------------------------------------------+
; Port  ; Type   ; Severity ; Details                                                                             ;
+-------+--------+----------+-------------------------------------------------------------------------------------+
; rise  ; Output ; Info     ; Connected to dangling logic. Logic that only feeds a dangling port will be removed. ;
; stabl ; Output ; Info     ; Connected to dangling logic. Logic that only feeds a dangling port will be removed. ;
+-------+--------+----------+-------------------------------------------------------------------------------------+


+--------------------------------------------------+
; Port Connectivity Checks: "timer:timer_bounce"   ;
+----------------+-------+----------+--------------+
; Port           ; Type  ; Severity ; Details      ;
+----------------+-------+----------+--------------+
; period[9..5]   ; Input ; Info     ; Stuck at VCC ;
; period[31..10] ; Input ; Info     ; Stuck at GND ;
; period[2..0]   ; Input ; Info     ; Stuck at GND ;
; period[4]      ; Input ; Info     ; Stuck at GND ;
; period[3]      ; Input ; Info     ; Stuck at VCC ;
+----------------+-------+----------+--------------+


+--------------------------------------------------+
; Port Connectivity Checks: "timer:piscar"         ;
+----------------+-------+----------+--------------+
; Port           ; Type  ; Severity ; Details      ;
+----------------+-------+----------+--------------+
; period[22..18] ; Input ; Info     ; Stuck at VCC ;
; period[14..11] ; Input ; Info     ; Stuck at VCC ;
; period[5..0]   ; Input ; Info     ; Stuck at VCC ;
; period[31..25] ; Input ; Info     ; Stuck at GND ;
; period[10..6]  ; Input ; Info     ; Stuck at GND ;
; period[24]     ; Input ; Info     ; Stuck at VCC ;
; period[23]     ; Input ; Info     ; Stuck at GND ;
; period[17]     ; Input ; Info     ; Stuck at GND ;
; period[16]     ; Input ; Info     ; Stuck at VCC ;
; period[15]     ; Input ; Info     ; Stuck at GND ;
+----------------+-------+----------+--------------+


+--------------------------------------------------+
; Port Connectivity Checks: "timer:timer"          ;
+----------------+-------+----------+--------------+
; Port           ; Type  ; Severity ; Details      ;
+----------------+-------+----------+--------------+
; period[27..25] ; Input ; Info     ; Stuck at VCC ;
; period[23..21] ; Input ; Info     ; Stuck at VCC ;
; period[18..17] ; Input ; Info     ; Stuck at VCC ;
; period[13..12] ; Input ; Info     ; Stuck at VCC ;
; period[6..0]   ; Input ; Info     ; Stuck at VCC ;
; period[31..28] ; Input ; Info     ; Stuck at GND ;
; period[20..19] ; Input ; Info     ; Stuck at GND ;
; period[11..10] ; Input ; Info     ; Stuck at GND ;
; period[8..7]   ; Input ; Info     ; Stuck at GND ;
; period[24]     ; Input ; Info     ; Stuck at GND ;
; period[16]     ; Input ; Info     ; Stuck at GND ;
; period[15]     ; Input ; Info     ; Stuck at VCC ;
; period[14]     ; Input ; Info     ; Stuck at GND ;
; period[9]      ; Input ; Info     ; Stuck at VCC ;
+----------------+-------+----------+--------------+


+-----------------------------------------------------+
; Port Connectivity Checks: "motor:motor|timer:timer" ;
+----------------+-------+----------+-----------------+
; Port           ; Type  ; Severity ; Details         ;
+----------------+-------+----------+-----------------+
; period[15..14] ; Input ; Info     ; Stuck at VCC    ;
; period[9..8]   ; Input ; Info     ; Stuck at VCC    ;
; period[6..5]   ; Input ; Info     ; Stuck at VCC    ;
; period[31..18] ; Input ; Info     ; Stuck at GND    ;
; period[11..10] ; Input ; Info     ; Stuck at GND    ;
; period[4..1]   ; Input ; Info     ; Stuck at GND    ;
; period[17]     ; Input ; Info     ; Stuck at VCC    ;
; period[16]     ; Input ; Info     ; Stuck at GND    ;
; period[13]     ; Input ; Info     ; Stuck at GND    ;
; period[12]     ; Input ; Info     ; Stuck at VCC    ;
; period[7]      ; Input ; Info     ; Stuck at GND    ;
; period[0]      ; Input ; Info     ; Stuck at VCC    ;
+----------------+-------+----------+-----------------+


+--------------------------------------------------+
; Port Connectivity Checks: "motor:motor"          ;
+----------------+-------+----------+--------------+
; Port           ; Type  ; Severity ; Details      ;
+----------------+-------+----------+--------------+
; angulo[31..11] ; Input ; Info     ; Stuck at GND ;
; angulo[9..0]   ; Input ; Info     ; Stuck at GND ;
; angulo[10]     ; Input ; Info     ; Stuck at VCC ;
+----------------+-------+----------+--------------+


+-----------------------------------------------------+
; Post-Synthesis Netlist Statistics for Top Partition ;
+-----------------------+-----------------------------+
; Type                  ; Count                       ;
+-----------------------+-----------------------------+
; arriav_ff             ; 208                         ;
;     CLR               ; 11                          ;
;     CLR SCLR          ; 120                         ;
;     ENA               ; 34                          ;
;     ENA CLR           ; 42                          ;
;     plain             ; 1                           ;
; arriav_lcell_comb     ; 240                         ;
;     arith             ; 160                         ;
;         1 data inputs ; 129                         ;
;         5 data inputs ; 31                          ;
;     extend            ; 2                           ;
;         7 data inputs ; 2                           ;
;     normal            ; 78                          ;
;         1 data inputs ; 2                           ;
;         2 data inputs ; 14                          ;
;         3 data inputs ; 17                          ;
;         4 data inputs ; 3                           ;
;         5 data inputs ; 4                           ;
;         6 data inputs ; 38                          ;
; boundary_port         ; 10                          ;
;                       ;                             ;
; Max LUT depth         ; 7.00                        ;
; Average LUT depth     ; 3.78                        ;
+-----------------------+-----------------------------+


+-------------------------------+
; Elapsed Time Per Partition    ;
+----------------+--------------+
; Partition Name ; Elapsed Time ;
+----------------+--------------+
; Top            ; 00:00:00     ;
+----------------+--------------+


+-------------------------------+
; Analysis & Synthesis Messages ;
+-------------------------------+
Info: *******************************************************************
Info: Running Quartus Prime Analysis & Synthesis
    Info: Version 18.1.0 Build 625 09/12/2018 SJ Lite Edition
    Info: Processing started: Sun Oct 08 12:23:43 2023
Info: Command: quartus_map --read_settings_files=on --write_settings_files=off trabalho -c trabalho
Warning (18236): Number of processors has not been specified which may cause overloading on shared machines.  Set the global assignment NUM_PARALLEL_PROCESSORS in your QSF to an appropriate value for best performance.
Info (20030): Parallel compilation is enabled and will use 4 of the 4 processors detected
Info (12021): Found 2 design units, including 1 entities, in source file trabalho.vhd
    Info (12022): Found design unit 1: trabalho-behavioral File: C:/Users/AUTOMA플O/Downloads/trabalho/trabalho.vhd Line: 17
    Info (12023): Found entity 1: trabalho File: C:/Users/AUTOMA플O/Downloads/trabalho/trabalho.vhd Line: 5
Info (12021): Found 2 design units, including 1 entities, in source file timer.vhd
    Info (12022): Found design unit 1: timer-behavioral File: C:/Users/AUTOMA플O/Downloads/trabalho/timer.vhd Line: 13
    Info (12023): Found entity 1: timer File: C:/Users/AUTOMA플O/Downloads/trabalho/timer.vhd Line: 4
Info (12021): Found 2 design units, including 1 entities, in source file motor.vhd
    Info (12022): Found design unit 1: motor-behavioral File: C:/Users/AUTOMA플O/Downloads/trabalho/motor.vhd Line: 17
    Info (12023): Found entity 1: motor File: C:/Users/AUTOMA플O/Downloads/trabalho/motor.vhd Line: 5
Info (12021): Found 2 design units, including 1 entities, in source file counter.vhd
    Info (12022): Found design unit 1: counter-behavioral File: C:/Users/AUTOMA플O/Downloads/trabalho/counter.vhd Line: 16
    Info (12023): Found entity 1: counter File: C:/Users/AUTOMA플O/Downloads/trabalho/counter.vhd Line: 5
Info (12021): Found 2 design units, including 1 entities, in source file debounce.vhd
    Info (12022): Found design unit 1: debounce-behavioral File: C:/Users/AUTOMA플O/Downloads/trabalho/debounce.vhd Line: 16
    Info (12023): Found entity 1: debounce File: C:/Users/AUTOMA플O/Downloads/trabalho/debounce.vhd Line: 4
Info (12127): Elaborating entity "trabalho" for the top level hierarchy
Info (12128): Elaborating entity "motor" for hierarchy "motor:motor" File: C:/Users/AUTOMA플O/Downloads/trabalho/trabalho.vhd Line: 162
Info (12128): Elaborating entity "timer" for hierarchy "motor:motor|timer:timer" File: C:/Users/AUTOMA플O/Downloads/trabalho/motor.vhd Line: 87
Info (12128): Elaborating entity "debounce" for hierarchy "debounce:debounce" File: C:/Users/AUTOMA플O/Downloads/trabalho/trabalho.vhd Line: 195
Info (286030): Timing-Driven Synthesis is running
Critical Warning (18061): Ignored Power-Up Level option on the following registers
    Critical Warning (18010): Register state[31] will power up to Low File: C:/Users/AUTOMA플O/Downloads/trabalho/trabalho.vhd Line: 27
    Critical Warning (18010): Register state[0] will power up to Low File: C:/Users/AUTOMA플O/Downloads/trabalho/trabalho.vhd Line: 27
    Critical Warning (18010): Register motor:motor|timer:timer|count[31] will power up to Low File: C:/Users/AUTOMA플O/Downloads/trabalho/timer.vhd Line: 20
    Critical Warning (18010): Register motor:motor|timer:timer|count[0] will power up to Low File: C:/Users/AUTOMA플O/Downloads/trabalho/timer.vhd Line: 20
    Critical Warning (18010): Register timer:piscar|count[31] will power up to Low File: C:/Users/AUTOMA플O/Downloads/trabalho/timer.vhd Line: 20
    Critical Warning (18010): Register timer:piscar|count[0] will power up to Low File: C:/Users/AUTOMA플O/Downloads/trabalho/timer.vhd Line: 20
    Critical Warning (18010): Register timer:timer|count[31] will power up to Low File: C:/Users/AUTOMA플O/Downloads/trabalho/timer.vhd Line: 20
    Critical Warning (18010): Register timer:timer|count[0] will power up to Low File: C:/Users/AUTOMA플O/Downloads/trabalho/timer.vhd Line: 20
    Critical Warning (18010): Register timer:timer_bounce|count[31] will power up to Low File: C:/Users/AUTOMA플O/Downloads/trabalho/timer.vhd Line: 20
    Critical Warning (18010): Register timer:timer_bounce|count[0] will power up to Low File: C:/Users/AUTOMA플O/Downloads/trabalho/timer.vhd Line: 20
    Critical Warning (18010): Register motor:motor|steps[31] will power up to Low File: C:/Users/AUTOMA플O/Downloads/trabalho/motor.vhd Line: 56
    Critical Warning (18010): Register motor:motor|steps[0] will power up to Low File: C:/Users/AUTOMA플O/Downloads/trabalho/motor.vhd Line: 56
Info (16010): Generating hard_block partition "hard_block:auto_generated_inst"
    Info (16011): Adding 0 node(s), including 0 DDIO, 0 PLL, 0 transceiver and 0 LCELL
Info (21057): Implemented 283 device resources after synthesis - the final resource count might be different
    Info (21058): Implemented 4 input pins
    Info (21059): Implemented 6 output pins
    Info (21061): Implemented 273 logic cells
Info: Quartus Prime Analysis & Synthesis was successful. 0 errors, 14 warnings
    Info: Peak virtual memory: 714 megabytes
    Info: Processing ended: Sun Oct 08 12:23:55 2023
    Info: Elapsed time: 00:00:12
    Info: Total CPU time (on all processors): 00:00:25


